18.07.2023 03:02:26.096 - [eu.usrv.legacylootgames.LootGamesDungeonLogger][INFO] - == LootGames logger initialized ==
18.07.2023 03:04:15.646 - [eu.usrv.legacylootgames.LootGamesDungeonLogger][INFO] - PuzzleDungeon spawned at -88 70 -392 in Dimension 0
18.07.2023 03:04:16.095 - [eu.usrv.legacylootgames.LootGamesDungeonLogger][INFO] - PuzzleDungeon spawned at -72 54 -296 in Dimension 0
18.07.2023 03:04:18.071 - [eu.usrv.legacylootgames.LootGamesDungeonLogger][INFO] - PuzzleDungeon spawned at 88 64 -456 in Dimension 0
18.07.2023 03:04:18.230 - [eu.usrv.legacylootgames.LootGamesDungeonLogger][INFO] - PuzzleDungeon spawned at 88 62 -184 in Dimension 0
18.07.2023 03:08:23.253 - [eu.usrv.legacylootgames.LootGamesDungeonLogger][INFO] - == LootGames logger initialized ==
18.07.2023 03:18:01.763 - [eu.usrv.legacylootgames.LootGamesDungeonLogger][INFO] - PuzzleDungeon spawned at -456 51 -24 in Dimension 0
18.07.2023 03:18:15.054 - [eu.usrv.legacylootgames.LootGamesDungeonLogger][INFO] - PuzzleDungeon spawned at -472 57 168 in Dimension 0
18.07.2023 03:19:25.891 - [eu.usrv.legacylootgames.LootGamesDungeonLogger][INFO] - PuzzleDungeon spawned at -360 74 -328 in Dimension 0
18.07.2023 03:20:05.066 - [eu.usrv.legacylootgames.LootGamesDungeonLogger][INFO] - PuzzleDungeon spawned at -472 81 -200 in Dimension 0
18.07.2023 03:33:17.200 - [eu.usrv.legacylootgames.LootGamesDungeonLogger][INFO] - PuzzleDungeon spawned at -664 72 -8 in Dimension 0
18.07.2023 03:36:00.861 - [eu.usrv.legacylootgames.LootGamesDungeonLogger][INFO] - PuzzleDungeon spawned at -680 52 184 in Dimension 0
18.07.2023 03:37:59.816 - [eu.usrv.legacylootgames.LootGamesDungeonLogger][INFO] - PuzzleDungeon spawned at -600 61 424 in Dimension 0
18.07.2023 03:38:16.442 - [eu.usrv.legacylootgames.LootGamesDungeonLogger][INFO] - PuzzleDungeon spawned at -344 52 488 in Dimension 0
18.07.2023 03:38:58.082 - [eu.usrv.legacylootgames.LootGamesDungeonLogger][INFO] - PuzzleDungeon spawned at -520 53 552 in Dimension 0
18.07.2023 03:39:11.027 - [eu.usrv.legacylootgames.LootGamesDungeonLogger][INFO] - PuzzleDungeon spawned at -344 48 600 in Dimension 0
18.07.2023 03:49:30.834 - [eu.usrv.legacylootgames.LootGamesDungeonLogger][INFO] - PuzzleDungeon spawned at -632 36 888 in Dimension 0
18.07.2023 03:51:07.888 - [eu.usrv.legacylootgames.LootGamesDungeonLogger][INFO] - PuzzleDungeon spawned at -648 49 1016 in Dimension 0
18.07.2023 04:11:44.338 - [eu.usrv.legacylootgames.LootGamesDungeonLogger][INFO] - PuzzleDungeon spawned at -392 52 888 in Dimension 0
18.07.2023 04:11:57.264 - [eu.usrv.legacylootgames.LootGamesDungeonLogger][INFO] - PuzzleDungeon spawned at -392 49 1064 in Dimension 0
18.07.2023 04:14:24.513 - [eu.usrv.legacylootgames.LootGamesDungeonLogger][INFO] - PuzzleDungeon spawned at -120 60 1192 in Dimension 0
18.07.2023 04:14:31.295 - [eu.usrv.legacylootgames.LootGamesDungeonLogger][INFO] - PuzzleDungeon spawned at -328 59 1208 in Dimension 0
18.07.2023 04:19:40.585 - [eu.usrv.legacylootgames.LootGamesDungeonLogger][INFO] - PuzzleDungeon spawned at -40 61 72 in Dimension 0
18.07.2023 04:19:40.607 - [eu.usrv.legacylootgames.LootGamesDungeonLogger][INFO] - PuzzleDungeon spawned at -504 51 1384 in Dimension 0
18.07.2023 04:28:54.886 - [eu.usrv.legacylootgames.LootGamesDungeonLogger][INFO] - PuzzleDungeon spawned at -648 55 1192 in Dimension 0
18.07.2023 04:33:09.740 - [eu.usrv.legacylootgames.LootGamesDungeonLogger][INFO] - PuzzleDungeon spawned at -824 70 1080 in Dimension 0
18.07.2023 05:17:25.198 - [eu.usrv.legacylootgames.LootGamesDungeonLogger][INFO] - PuzzleDungeon spawned at -904 50 840 in Dimension 0
18.07.2023 05:17:35.656 - [eu.usrv.legacylootgames.LootGamesDungeonLogger][INFO] - PuzzleDungeon spawned at -904 55 936 in Dimension 0
18.07.2023 05:23:24.528 - [eu.usrv.legacylootgames.LootGamesDungeonLogger][INFO] - PuzzleDungeon spawned at -824 62 1272 in Dimension 0
18.07.2023 07:27:24.648 - [eu.usrv.legacylootgames.LootGamesDungeonLogger][INFO] - PuzzleDungeon spawned at -712 47 1592 in Dimension 0
18.07.2023 07:28:05.672 - [eu.usrv.legacylootgames.LootGamesDungeonLogger][INFO] - PuzzleDungeon spawned at -968 57 1720 in Dimension 0
18.07.2023 07:28:51.902 - [eu.usrv.legacylootgames.LootGamesDungeonLogger][INFO] - PuzzleDungeon spawned at -808 59 1896 in Dimension 0
18.07.2023 07:30:14.412 - [eu.usrv.legacylootgames.LootGamesDungeonLogger][INFO] - PuzzleDungeon spawned at -632 59 1912 in Dimension 0
18.07.2023 07:31:02.500 - [eu.usrv.legacylootgames.LootGamesDungeonLogger][INFO] - PuzzleDungeon spawned at -744 55 2232 in Dimension 0
18.07.2023 07:32:25.566 - [eu.usrv.legacylootgames.LootGamesDungeonLogger][INFO] - PuzzleDungeon spawned at -440 50 2328 in Dimension 0
18.07.2023 07:32:42.651 - [eu.usrv.legacylootgames.LootGamesDungeonLogger][INFO] - PuzzleDungeon spawned at -456 60 2456 in Dimension 0
18.07.2023 07:34:32.098 - [eu.usrv.legacylootgames.LootGamesDungeonLogger][INFO] - PuzzleDungeon spawned at -344 49 2472 in Dimension 0
18.07.2023 07:35:25.203 - [eu.usrv.legacylootgames.LootGamesDungeonLogger][INFO] - PuzzleDungeon spawned at -408 50 2648 in Dimension 0
18.07.2023 07:37:20.847 - [eu.usrv.legacylootgames.LootGamesDungeonLogger][INFO] - PuzzleDungeon spawned at -40 76 2568 in Dimension 0
18.07.2023 07:37:29.818 - [eu.usrv.legacylootgames.LootGamesDungeonLogger][INFO] - PuzzleDungeon spawned at -40 50 2472 in Dimension 0
18.07.2023 07:38:18.260 - [eu.usrv.legacylootgames.LootGamesDungeonLogger][INFO] - PuzzleDungeon spawned at 24 62 2728 in Dimension 0
18.07.2023 07:40:48.597 - [eu.usrv.legacylootgames.LootGamesDungeonLogger][INFO] - PuzzleDungeon spawned at -120 45 2872 in Dimension 0
18.07.2023 07:49:50.312 - [eu.usrv.legacylootgames.LootGamesDungeonLogger][INFO] - PuzzleDungeon spawned at 344 70 2744 in Dimension 0
18.07.2023 07:50:05.189 - [eu.usrv.legacylootgames.LootGamesDungeonLogger][INFO] - PuzzleDungeon spawned at 408 58 2792 in Dimension 0
18.07.2023 07:50:09.929 - [eu.usrv.legacylootgames.LootGamesDungeonLogger][INFO] - PuzzleDungeon spawned at 424 56 2952 in Dimension 0
18.07.2023 07:55:00.262 - [eu.usrv.legacylootgames.LootGamesDungeonLogger][INFO] - PuzzleDungeon spawned at 632 76 2952 in Dimension 0
18.07.2023 07:55:34.717 - [eu.usrv.legacylootgames.LootGamesDungeonLogger][INFO] - PuzzleDungeon spawned at 792 54 2776 in Dimension 0
18.07.2023 07:59:30.995 - [eu.usrv.legacylootgames.LootGamesDungeonLogger][INFO] - PuzzleDungeon spawned at 456 60 2312 in Dimension 0
18.07.2023 08:01:32.162 - [eu.usrv.legacylootgames.LootGamesDungeonLogger][INFO] - PuzzleDungeon spawned at 344 49 2184 in Dimension 0
18.07.2023 08:02:11.322 - [eu.usrv.legacylootgames.LootGamesDungeonLogger][INFO] - PuzzleDungeon spawned at 248 49 2184 in Dimension 0
18.07.2023 08:02:29.814 - [eu.usrv.legacylootgames.LootGamesDungeonLogger][INFO] - PuzzleDungeon spawned at 392 50 2024 in Dimension 0
18.07.2023 08:03:19.584 - [eu.usrv.legacylootgames.LootGamesDungeonLogger][INFO] - PuzzleDungeon spawned at 344 49 1864 in Dimension 0
18.07.2023 08:04:23.253 - [eu.usrv.legacylootgames.LootGamesDungeonLogger][INFO] - PuzzleDungeon spawned at 120 49 1800 in Dimension 0
18.07.2023 08:05:11.752 - [eu.usrv.legacylootgames.LootGamesDungeonLogger][INFO] - PuzzleDungeon spawned at 72 51 1736 in Dimension 0
18.07.2023 08:05:58.568 - [eu.usrv.legacylootgames.LootGamesDungeonLogger][INFO] - PuzzleDungeon spawned at 24 50 2104 in Dimension 0
18.07.2023 08:07:38.996 - [eu.usrv.legacylootgames.LootGamesDungeonLogger][INFO] - PuzzleDungeon spawned at 72 50 1640 in Dimension 0
18.07.2023 08:07:53.510 - [eu.usrv.legacylootgames.LootGamesDungeonLogger][INFO] - PuzzleDungeon spawned at -40 50 1608 in Dimension 0
18.07.2023 08:09:09.908 - [eu.usrv.legacylootgames.LootGamesDungeonLogger][INFO] - PuzzleDungeon spawned at -424 74 1528 in Dimension 0
18.07.2023 08:09:14.340 - [eu.usrv.legacylootgames.LootGamesDungeonLogger][INFO] - PuzzleDungeon spawned at -424 77 1624 in Dimension 0
19.07.2023 01:53:15.189 - [eu.usrv.legacylootgames.LootGamesDungeonLogger][INFO] - == LootGames logger initialized ==
19.07.2023 04:46:25.874 - [eu.usrv.legacylootgames.LootGamesDungeonLogger][INFO] - == LootGames logger initialized ==
21.07.2023 10:58:25.097 - [eu.usrv.legacylootgames.LootGamesDungeonLogger][INFO] - == LootGames logger initialized ==
21.07.2023 11:38:26.458 - [eu.usrv.legacylootgames.LootGamesDungeonLogger][INFO] - PuzzleDungeon spawned at -120 64 824 in Dimension 0
21.07.2023 11:54:36.166 - [eu.usrv.legacylootgames.LootGamesDungeonLogger][INFO] - PuzzleDungeon spawned at -8 60 872 in Dimension 0
22.07.2023 01:58:03.102 - [eu.usrv.legacylootgames.LootGamesDungeonLogger][INFO] - == LootGames logger initialized ==
22.07.2023 02:44:35.824 - [eu.usrv.legacylootgames.LootGamesDungeonLogger][INFO] - PuzzleDungeon spawned at -1112 64 856 in Dimension 0
22.07.2023 02:45:41.926 - [eu.usrv.legacylootgames.LootGamesDungeonLogger][INFO] - PuzzleDungeon spawned at -1192 61 712 in Dimension 0
23.07.2023 04:29:42.239 - [eu.usrv.legacylootgames.LootGamesDungeonLogger][INFO] - == LootGames logger initialized ==
23.07.2023 08:21:48.210 - [eu.usrv.legacylootgames.LootGamesDungeonLogger][INFO] - PuzzleDungeon spawned at -1192 47 1528 in Dimension 0
23.07.2023 08:21:48.309 - [eu.usrv.legacylootgames.LootGamesDungeonLogger][INFO] - PuzzleDungeon spawned at -1192 56 1624 in Dimension 0
23.07.2023 08:22:32.547 - [eu.usrv.legacylootgames.LootGamesDungeonLogger][INFO] - PuzzleDungeon spawned at -1144 92 1688 in Dimension 0
23.07.2023 08:23:21.088 - [eu.usrv.legacylootgames.LootGamesDungeonLogger][INFO] - PuzzleDungeon spawned at -1128 105 1768 in Dimension 0
23.07.2023 08:27:16.955 - [eu.usrv.legacylootgames.LootGamesDungeonLogger][INFO] - PuzzleDungeon spawned at -1512 58 1864 in Dimension 0
23.07.2023 09:10:29.115 - [eu.usrv.legacylootgames.LootGamesDungeonLogger][INFO] - PuzzleDungeon spawned at -1784 53 1816 in Dimension 0
23.07.2023 09:10:29.481 - [eu.usrv.legacylootgames.LootGamesDungeonLogger][INFO] - PuzzleDungeon spawned at -1800 65 1944 in Dimension 0
23.07.2023 09:11:04.384 - [eu.usrv.legacylootgames.LootGamesDungeonLogger][INFO] - PuzzleDungeon spawned at -1896 55 1800 in Dimension 0
23.07.2023 09:13:38.619 - [eu.usrv.legacylootgames.LootGamesDungeonLogger][INFO] - PuzzleDungeon spawned at -1720 49 2056 in Dimension 0
23.07.2023 09:23:43.095 - [eu.usrv.legacylootgames.LootGamesDungeonLogger][INFO] - PuzzleDungeon spawned at -2072 56 1784 in Dimension 0
23.07.2023 09:27:05.374 - [eu.usrv.legacylootgames.LootGamesDungeonLogger][INFO] - PuzzleDungeon spawned at -2280 92 2072 in Dimension 0
23.07.2023 09:27:27.591 - [eu.usrv.legacylootgames.LootGamesDungeonLogger][INFO] - PuzzleDungeon spawned at -2280 71 2168 in Dimension 0
23.07.2023 09:27:47.930 - [eu.usrv.legacylootgames.LootGamesDungeonLogger][INFO] - PuzzleDungeon spawned at -2232 54 2232 in Dimension 0
23.07.2023 09:28:19.193 - [eu.usrv.legacylootgames.LootGamesDungeonLogger][INFO] - PuzzleDungeon spawned at -2200 57 2312 in Dimension 0
23.07.2023 09:42:44.251 - [eu.usrv.legacylootgames.LootGamesDungeonLogger][INFO] - PuzzleDungeon spawned at -2600 59 2408 in Dimension 0
23.07.2023 09:43:29.399 - [eu.usrv.legacylootgames.LootGamesDungeonLogger][INFO] - PuzzleDungeon spawned at -2584 48 2584 in Dimension 0
23.07.2023 09:44:03.979 - [eu.usrv.legacylootgames.LootGamesDungeonLogger][INFO] - PuzzleDungeon spawned at -2568 54 2664 in Dimension 0
23.07.2023 09:45:57.368 - [eu.usrv.legacylootgames.LootGamesDungeonLogger][INFO] - PuzzleDungeon spawned at -2792 58 2600 in Dimension 0
23.07.2023 09:47:32.613 - [eu.usrv.legacylootgames.LootGamesDungeonLogger][INFO] - PuzzleDungeon spawned at -2664 79 2088 in Dimension 0
23.07.2023 09:47:39.195 - [eu.usrv.legacylootgames.LootGamesDungeonLogger][INFO] - PuzzleDungeon spawned at -2760 67 2056 in Dimension 0
23.07.2023 09:48:06.499 - [eu.usrv.legacylootgames.LootGamesDungeonLogger][INFO] - PuzzleDungeon spawned at -2792 64 1976 in Dimension 0
23.07.2023 09:50:36.687 - [eu.usrv.legacylootgames.LootGamesDungeonLogger][INFO] - PuzzleDungeon spawned at -2568 79 1768 in Dimension 0
23.07.2023 10:04:02.150 - [eu.usrv.legacylootgames.LootGamesDungeonLogger][INFO] - PuzzleDungeon spawned at -2680 51 1656 in Dimension 0
23.07.2023 10:10:55.656 - [eu.usrv.legacylootgames.LootGamesDungeonLogger][INFO] - PuzzleDungeon spawned at -2472 50 1432 in Dimension 0
23.07.2023 10:21:53.838 - [eu.usrv.legacylootgames.LootGamesDungeonLogger][INFO] - PuzzleDungeon spawned at -2344 70 1560 in Dimension 0
23.07.2023 10:23:05.840 - [eu.usrv.legacylootgames.LootGamesDungeonLogger][INFO] - PuzzleDungeon spawned at -2264 49 1256 in Dimension 0
23.07.2023 10:23:21.473 - [eu.usrv.legacylootgames.LootGamesDungeonLogger][INFO] - PuzzleDungeon spawned at -2344 51 1176 in Dimension 0
23.07.2023 10:23:37.972 - [eu.usrv.legacylootgames.LootGamesDungeonLogger][INFO] - PuzzleDungeon spawned at -2200 49 1400 in Dimension 0
23.07.2023 10:25:11.263 - [eu.usrv.legacylootgames.LootGamesDungeonLogger][INFO] - PuzzleDungeon spawned at -2136 48 1000 in Dimension 0
23.07.2023 10:25:21.795 - [eu.usrv.legacylootgames.LootGamesDungeonLogger][INFO] - PuzzleDungeon spawned at -1880 51 984 in Dimension 0
23.07.2023 10:28:10.899 - [eu.usrv.legacylootgames.LootGamesDungeonLogger][INFO] - PuzzleDungeon spawned at -1608 63 1112 in Dimension 0
23.07.2023 10:28:36.414 - [eu.usrv.legacylootgames.LootGamesDungeonLogger][INFO] - PuzzleDungeon spawned at -1608 55 1000 in Dimension 0
23.07.2023 10:28:41.622 - [eu.usrv.legacylootgames.LootGamesDungeonLogger][INFO] - PuzzleDungeon spawned at -1496 73 1224 in Dimension 0
23.07.2023 10:28:55.179 - [eu.usrv.legacylootgames.LootGamesDungeonLogger][INFO] - PuzzleDungeon spawned at -1672 70 968 in Dimension 0
23.07.2023 10:29:53.596 - [eu.usrv.legacylootgames.LootGamesDungeonLogger][INFO] - PuzzleDungeon spawned at -1272 72 1016 in Dimension 0
24.07.2023 08:55:50.738 - [eu.usrv.legacylootgames.LootGamesDungeonLogger][INFO] - == LootGames logger initialized ==
24.07.2023 01:59:19.975 - [eu.usrv.legacylootgames.LootGamesDungeonLogger][INFO] - == LootGames logger initialized ==
25.07.2023 01:55:02.574 - [eu.usrv.legacylootgames.LootGamesDungeonLogger][INFO] - == LootGames logger initialized ==
25.07.2023 05:49:09.062 - [eu.usrv.legacylootgames.LootGamesDungeonLogger][INFO] - PuzzleDungeon spawned at -808 79 440 in Dimension 0
25.07.2023 05:49:49.002 - [eu.usrv.legacylootgames.LootGamesDungeonLogger][INFO] - PuzzleDungeon spawned at -1064 78 456 in Dimension 0
25.07.2023 05:50:19.630 - [eu.usrv.legacylootgames.LootGamesDungeonLogger][INFO] - PuzzleDungeon spawned at -1048 61 264 in Dimension 0
25.07.2023 05:51:46.460 - [eu.usrv.legacylootgames.LootGamesDungeonLogger][INFO] - PuzzleDungeon spawned at -1160 56 248 in Dimension 0
25.07.2023 05:53:09.958 - [eu.usrv.legacylootgames.LootGamesDungeonLogger][INFO] - PuzzleDungeon spawned at -1544 47 344 in Dimension 0
25.07.2023 05:54:22.775 - [eu.usrv.legacylootgames.LootGamesDungeonLogger][INFO] - PuzzleDungeon spawned at -1528 89 520 in Dimension 0
25.07.2023 05:55:02.620 - [eu.usrv.legacylootgames.LootGamesDungeonLogger][INFO] - PuzzleDungeon spawned at -1816 51 296 in Dimension 0
25.07.2023 05:55:03.575 - [eu.usrv.legacylootgames.LootGamesDungeonLogger][INFO] - PuzzleDungeon spawned at -1816 56 392 in Dimension 0
25.07.2023 05:55:34.332 - [eu.usrv.legacylootgames.LootGamesDungeonLogger][INFO] - PuzzleDungeon spawned at -1928 51 264 in Dimension 0
25.07.2023 05:55:35.170 - [eu.usrv.legacylootgames.LootGamesDungeonLogger][INFO] - PuzzleDungeon spawned at -1752 44 536 in Dimension 0
25.07.2023 05:56:43.155 - [eu.usrv.legacylootgames.LootGamesDungeonLogger][INFO] - PuzzleDungeon spawned at -2040 52 600 in Dimension 0
25.07.2023 05:59:41.547 - [eu.usrv.legacylootgames.LootGamesDungeonLogger][INFO] - PuzzleDungeon spawned at -2328 53 376 in Dimension 0
25.07.2023 06:00:43.071 - [eu.usrv.legacylootgames.LootGamesDungeonLogger][INFO] - PuzzleDungeon spawned at -2376 76 120 in Dimension 0
25.07.2023 06:00:43.115 - [eu.usrv.legacylootgames.LootGamesDungeonLogger][INFO] - PuzzleDungeon spawned at -2328 70 184 in Dimension 0
25.07.2023 06:01:27.866 - [eu.usrv.legacylootgames.LootGamesDungeonLogger][INFO] - PuzzleDungeon spawned at -2392 52 24 in Dimension 0
25.07.2023 06:03:41.312 - [eu.usrv.legacylootgames.LootGamesDungeonLogger][INFO] - PuzzleDungeon spawned at -2504 84 8 in Dimension 0
25.07.2023 06:04:02.438 - [eu.usrv.legacylootgames.LootGamesDungeonLogger][INFO] - PuzzleDungeon spawned at -2296 11 -280 in Dimension 0
25.07.2023 06:04:50.913 - [eu.usrv.legacylootgames.LootGamesDungeonLogger][INFO] - PuzzleDungeon spawned at -2424 54 -408 in Dimension 0
25.07.2023 06:05:35.003 - [eu.usrv.legacylootgames.LootGamesDungeonLogger][INFO] - PuzzleDungeon spawned at -2472 81 -456 in Dimension 0
25.07.2023 06:07:05.179 - [eu.usrv.legacylootgames.LootGamesDungeonLogger][INFO] - PuzzleDungeon spawned at -2472 50 -632 in Dimension 0
25.07.2023 06:07:19.739 - [eu.usrv.legacylootgames.LootGamesDungeonLogger][INFO] - PuzzleDungeon spawned at -2792 51 -392 in Dimension 0
25.07.2023 06:09:08.019 - [eu.usrv.legacylootgames.LootGamesDungeonLogger][INFO] - PuzzleDungeon spawned at -2840 63 -456 in Dimension 0
25.07.2023 06:09:08.310 - [eu.usrv.legacylootgames.LootGamesDungeonLogger][INFO] - PuzzleDungeon spawned at -2856 60 -536 in Dimension 0
25.07.2023 06:09:55.688 - [eu.usrv.legacylootgames.LootGamesDungeonLogger][INFO] - PuzzleDungeon spawned at -2744 50 -856 in Dimension 0
25.07.2023 06:10:01.748 - [eu.usrv.legacylootgames.LootGamesDungeonLogger][INFO] - PuzzleDungeon spawned at -2952 60 -680 in Dimension 0
25.07.2023 06:10:40.521 - [eu.usrv.legacylootgames.LootGamesDungeonLogger][INFO] - PuzzleDungeon spawned at -2856 47 -1016 in Dimension 0
25.07.2023 06:11:23.058 - [eu.usrv.legacylootgames.LootGamesDungeonLogger][INFO] - PuzzleDungeon spawned at -2552 118 -1048 in Dimension 0
25.07.2023 06:13:16.176 - [eu.usrv.legacylootgames.LootGamesDungeonLogger][INFO] - PuzzleDungeon spawned at -2552 75 -1240 in Dimension 0
25.07.2023 06:13:29.537 - [eu.usrv.legacylootgames.LootGamesDungeonLogger][INFO] - PuzzleDungeon spawned at -2648 59 -1288 in Dimension 0
25.07.2023 06:13:57.191 - [eu.usrv.legacylootgames.LootGamesDungeonLogger][INFO] - PuzzleDungeon spawned at -2376 102 -1240 in Dimension 0
25.07.2023 06:14:31.241 - [eu.usrv.legacylootgames.LootGamesDungeonLogger][INFO] - PuzzleDungeon spawned at -2664 60 -1368 in Dimension 0
25.07.2023 06:15:46.582 - [eu.usrv.legacylootgames.LootGamesDungeonLogger][INFO] - PuzzleDungeon spawned at -2440 54 -1560 in Dimension 0
25.07.2023 06:16:52.880 - [eu.usrv.legacylootgames.LootGamesDungeonLogger][INFO] - PuzzleDungeon spawned at -2568 101 -1688 in Dimension 0
25.07.2023 06:18:59.940 - [eu.usrv.legacylootgames.LootGamesDungeonLogger][INFO] - PuzzleDungeon spawned at -2184 51 -1592 in Dimension 0
25.07.2023 06:19:12.666 - [eu.usrv.legacylootgames.LootGamesDungeonLogger][INFO] - PuzzleDungeon spawned at -2168 51 -1512 in Dimension 0
25.07.2023 06:22:06.283 - [eu.usrv.legacylootgames.LootGamesDungeonLogger][INFO] - PuzzleDungeon spawned at -1960 47 -1528 in Dimension 0
25.07.2023 06:22:13.926 - [eu.usrv.legacylootgames.LootGamesDungeonLogger][INFO] - PuzzleDungeon spawned at -2168 62 -1256 in Dimension 0
25.07.2023 06:23:59.537 - [eu.usrv.legacylootgames.LootGamesDungeonLogger][INFO] - PuzzleDungeon spawned at -1784 50 -1080 in Dimension 0
25.07.2023 06:24:59.390 - [eu.usrv.legacylootgames.LootGamesDungeonLogger][INFO] - PuzzleDungeon spawned at -1960 59 -904 in Dimension 0
25.07.2023 06:25:02.810 - [eu.usrv.legacylootgames.LootGamesDungeonLogger][INFO] - PuzzleDungeon spawned at -1704 48 -936 in Dimension 0
25.07.2023 06:26:20.474 - [eu.usrv.legacylootgames.LootGamesDungeonLogger][INFO] - PuzzleDungeon spawned at -1608 59 -888 in Dimension 0
25.07.2023 06:26:48.277 - [eu.usrv.legacylootgames.LootGamesDungeonLogger][INFO] - PuzzleDungeon spawned at -1704 49 -568 in Dimension 0
25.07.2023 06:27:41.734 - [eu.usrv.legacylootgames.LootGamesDungeonLogger][INFO] - PuzzleDungeon spawned at -1656 49 -408 in Dimension 0
25.07.2023 06:28:34.468 - [eu.usrv.legacylootgames.LootGamesDungeonLogger][INFO] - PuzzleDungeon spawned at -1528 50 -312 in Dimension 0
25.07.2023 06:30:12.479 - [eu.usrv.legacylootgames.LootGamesDungeonLogger][INFO] - PuzzleDungeon spawned at -1512 50 -120 in Dimension 0
25.07.2023 06:30:53.720 - [eu.usrv.legacylootgames.LootGamesDungeonLogger][INFO] - PuzzleDungeon spawned at -1464 53 -56 in Dimension 0
25.07.2023 06:31:18.452 - [eu.usrv.legacylootgames.LootGamesDungeonLogger][INFO] - PuzzleDungeon spawned at -1224 50 8 in Dimension 0
25.07.2023 06:31:23.709 - [eu.usrv.legacylootgames.LootGamesDungeonLogger][INFO] - PuzzleDungeon spawned at -1432 53 24 in Dimension 0
25.07.2023 06:32:04.215 - [eu.usrv.legacylootgames.LootGamesDungeonLogger][INFO] - PuzzleDungeon spawned at -1224 41 104 in Dimension 0
25.07.2023 06:32:15.958 - [eu.usrv.legacylootgames.LootGamesDungeonLogger][INFO] - PuzzleDungeon spawned at -1176 39 152 in Dimension 0
25.07.2023 06:32:54.517 - [eu.usrv.legacylootgames.LootGamesDungeonLogger][INFO] - PuzzleDungeon spawned at -1176 39 152 in Dimension 0
25.07.2023 09:13:33.835 - [eu.usrv.legacylootgames.LootGamesDungeonLogger][INFO] - == LootGames logger initialized ==
26.07.2023 05:43:03.737 - [eu.usrv.legacylootgames.LootGamesDungeonLogger][INFO] - == LootGames logger initialized ==
31.07.2023 03:48:56.716 - [eu.usrv.legacylootgames.LootGamesDungeonLogger][INFO] - == LootGames logger initialized ==
05.08.2023 04:56:29.568 - [eu.usrv.legacylootgames.LootGamesDungeonLogger][INFO] - == LootGames logger initialized ==
05.08.2023 05:49:38.129 - [eu.usrv.legacylootgames.LootGamesDungeonLogger][INFO] - PuzzleDungeon spawned at -440 19 1720 in Dimension 0
